2025-01-22T17:50:14.356Z - Fetched all tasks
2025-01-22T17:50:24.983Z - Fetched all tasks
2025-01-22T17:52:51.670Z - Created new task
2025-01-22T17:53:59.350Z - Fetched all tasks
2025-01-22T17:54:32.759Z - Fetched task with ID: 67913073de0fc5b486d73e6a
2025-01-22T17:55:03.612Z - Updated task with ID: 67913073de0fc5b486d73e6a
2025-01-22T17:55:17.976Z - Updated task with ID: 67913073de0fc5b486d73e6a
2025-01-22T18:04:37.285Z - Created new task
2025-01-22T18:05:39.992Z - Updated task with ID: 67913335de0fc5b486d73e78
2025-01-22T18:09:55.869Z - Fetched task with ID: 67913073de0fc5b486d73e6a
2025-01-22T18:14:21.928Z - Created a new task
2025-01-22T18:15:54.813Z - Created a new task
2025-01-22T18:20:11.189Z - Error fetching task: Cast to ObjectId failed for value "pending" (type string) at path "_id" for model "Task"
2025-01-22T18:20:40.441Z - Error fetching task: Cast to ObjectId failed for value "search" (type string) at path "_id" for model "Task"
2025-01-22T18:20:55.155Z - Error fetching task: Cast to ObjectId failed for value "search" (type string) at path "_id" for model "Task"
2025-01-22T18:21:35.501Z - Error fetching task: Cast to ObjectId failed for value "search" (type string) at path "_id" for model "Task"
2025-01-22T18:22:32.157Z - Error fetching task: Cast to ObjectId failed for value "search" (type string) at path "_id" for model "Task"
2025-01-22T18:23:45.640Z - Error fetching task: Cast to ObjectId failed for value "sort" (type string) at path "_id" for model "Task"
2025-01-22T18:29:57.984Z - Error fetching task: Cast to ObjectId failed for value "count" (type string) at path "_id" for model "Task"
2025-01-22T18:31:02.428Z - Error fetching task: Cast to ObjectId failed for value "history" (type string) at path "_id" for model "Task"
2025-01-22T18:31:17.062Z - Error fetching task: Cast to ObjectId failed for value "history" (type string) at path "_id" for model "Task"
2025-01-22T18:31:56.554Z - Created a new task
2025-01-22T18:36:48.820Z - Error fetching task: Cast to ObjectId failed for value "history" (type string) at path "_id" for model "Task"
2025-01-22T18:36:57.236Z - Error fetching task: Cast to ObjectId failed for value "search" (type string) at path "_id" for model "Task"
2025-01-22T18:37:14.296Z - Error fetching task: Cast to ObjectId failed for value "count" (type string) at path "_id" for model "Task"
2025-01-23T07:11:43.662Z - Created a new task
2025-01-23T07:26:04.684Z - Created a new task
2025-01-23T07:40:14.043Z - Created a new task
2025-01-27T05:35:15.925Z - Created a new task
2025-01-27T05:35:39.639Z - Fetched task with ID: 67971b1371d7b6dfb6034acd
2025-01-27T06:23:05.833Z - Fetched tasks for page 1 with limit 10
2025-01-27T07:50:16.915Z - Fetched tasks for page 1 with limit 10
2025-01-27T07:50:17.015Z - Fetched tasks for page 1 with limit 10
2025-01-27T08:26:02.935Z - Fetched tasks for page 1 with limit 10
2025-01-27T08:26:03.015Z - Fetched tasks for page 1 with limit 10
2025-01-27T08:26:53.466Z - Fetched tasks for page 1 with limit 10
2025-01-27T08:26:53.506Z - Fetched tasks for page 1 with limit 10
2025-01-27T08:27:47.476Z - Created a new task
2025-01-27T08:27:47.517Z - Fetched tasks for page 1 with limit 10
2025-01-27T08:48:04.187Z - Fetched tasks for page 1 with limit 10
2025-01-27T08:48:04.225Z - Fetched tasks for page 1 with limit 10
2025-01-27T08:48:48.059Z - Fetched tasks for page 1 with limit 10
2025-01-27T08:48:48.107Z - Fetched tasks for page 1 with limit 10
2025-01-27T08:49:03.241Z - Created a new task
2025-01-27T08:49:03.281Z - Fetched tasks for page 1 with limit 10
2025-01-27T08:51:05.863Z - Fetched tasks for page 1 with limit 10
2025-01-27T08:51:13.279Z - Fetched tasks for page 1 with limit 10
2025-01-27T08:51:13.324Z - Fetched tasks for page 1 with limit 10
2025-01-27T08:51:16.595Z - Fetched task with ID: 6797487fe13ab8e86d1ec2b0
2025-01-27T08:51:16.620Z - Fetched task with ID: 6797487fe13ab8e86d1ec2b0
2025-01-27T08:53:12.398Z - Fetched tasks for page 1 with limit 10
2025-01-27T08:53:12.493Z - Fetched tasks for page 1 with limit 10
2025-01-27T08:53:24.592Z - Created a new task
2025-01-27T08:53:24.639Z - Fetched tasks for page 1 with limit 10
2025-01-27T08:53:27.575Z - Fetched task with ID: 679749849083b1cb665d84ad
2025-01-27T08:53:27.602Z - Fetched task with ID: 679749849083b1cb665d84ad
2025-01-27T08:53:31.322Z - Updated task with ID: 679749849083b1cb665d84ad
2025-01-27T08:53:31.350Z - Fetched task with ID: 679749849083b1cb665d84ad
2025-01-27T08:55:30.190Z - Fetched task with ID: 679749849083b1cb665d84ad
2025-01-27T08:55:30.236Z - Fetched task with ID: 679749849083b1cb665d84ad
2025-01-27T08:55:45.739Z - Fetched task with ID: 679749849083b1cb665d84ad
2025-01-27T08:55:45.784Z - Fetched task with ID: 679749849083b1cb665d84ad
2025-01-27T08:55:49.176Z - Updated task with ID: 679749849083b1cb665d84ad
2025-01-27T08:55:50.928Z - Fetched tasks for page 1 with limit 10
2025-01-27T08:55:50.968Z - Fetched tasks for page 1 with limit 10
2025-01-27T09:18:52.923Z - Fetched tasks for page 1 with limit 10
2025-01-27T09:18:53.029Z - Fetched tasks for page 1 with limit 10
2025-01-27T09:19:02.629Z - Created a new task
2025-01-27T09:19:02.743Z - Fetched tasks for page 1 with limit 10
2025-01-27T09:19:05.562Z - Fetched task with ID: 67974f8631c621173e433503
2025-01-27T09:19:05.631Z - Fetched task with ID: 67974f8631c621173e433503
2025-01-27T09:19:15.468Z - Updated task with ID: 67974f8631c621173e433503
2025-01-27T09:19:16.991Z - Fetched tasks for page 1 with limit 10
2025-01-27T09:19:17.091Z - Fetched tasks for page 1 with limit 10
2025-01-27T09:22:13.630Z - Fetched tasks for page 1 with limit 10
2025-01-27T09:22:13.728Z - Fetched tasks for page 1 with limit 10
2025-01-27T09:22:23.486Z - Created a new task
2025-01-27T09:22:23.596Z - Fetched tasks for page 1 with limit 10
2025-01-27T09:22:30.300Z - Created a new task
2025-01-27T09:22:30.405Z - Fetched tasks for page 1 with limit 10
2025-01-27T09:22:33.361Z - Fetched task with ID: 6797505631c621173e433522
2025-01-27T09:22:33.434Z - Fetched task with ID: 6797505631c621173e433522
2025-01-27T09:22:34.716Z - Updated task with ID: 6797505631c621173e433522
2025-01-27T09:22:39.391Z - Fetched tasks for page 1 with limit 10
2025-01-27T09:22:39.491Z - Fetched tasks for page 1 with limit 10
2025-01-27T09:22:40.784Z - Fetched task with ID: 6797505631c621173e433522
2025-01-27T09:22:40.852Z - Fetched task with ID: 6797505631c621173e433522
2025-01-27T09:22:45.960Z - Updated task with ID: 6797505631c621173e433522
2025-01-27T09:22:47.434Z - Fetched tasks for page 1 with limit 10
2025-01-27T09:22:47.536Z - Fetched tasks for page 1 with limit 10
