2025-01-22T17:50:14.356Z - Fetched all tasks
2025-01-22T17:50:24.983Z - Fetched all tasks
2025-01-22T17:52:51.670Z - Created new task
2025-01-22T17:53:59.350Z - Fetched all tasks
2025-01-22T17:54:32.759Z - Fetched task with ID: 67913073de0fc5b486d73e6a
2025-01-22T17:55:03.612Z - Updated task with ID: 67913073de0fc5b486d73e6a
2025-01-22T17:55:17.976Z - Updated task with ID: 67913073de0fc5b486d73e6a
2025-01-22T18:04:37.285Z - Created new task
2025-01-22T18:05:39.992Z - Updated task with ID: 67913335de0fc5b486d73e78
2025-01-22T18:09:55.869Z - Fetched task with ID: 67913073de0fc5b486d73e6a
2025-01-22T18:14:21.928Z - Created a new task
2025-01-22T18:15:54.813Z - Created a new task
2025-01-22T18:20:11.189Z - Error fetching task: Cast to ObjectId failed for value "pending" (type string) at path "_id" for model "Task"
2025-01-22T18:20:40.441Z - Error fetching task: Cast to ObjectId failed for value "search" (type string) at path "_id" for model "Task"
2025-01-22T18:20:55.155Z - Error fetching task: Cast to ObjectId failed for value "search" (type string) at path "_id" for model "Task"
2025-01-22T18:21:35.501Z - Error fetching task: Cast to ObjectId failed for value "search" (type string) at path "_id" for model "Task"
2025-01-22T18:22:32.157Z - Error fetching task: Cast to ObjectId failed for value "search" (type string) at path "_id" for model "Task"
2025-01-22T18:23:45.640Z - Error fetching task: Cast to ObjectId failed for value "sort" (type string) at path "_id" for model "Task"
2025-01-22T18:29:57.984Z - Error fetching task: Cast to ObjectId failed for value "count" (type string) at path "_id" for model "Task"
2025-01-22T18:31:02.428Z - Error fetching task: Cast to ObjectId failed for value "history" (type string) at path "_id" for model "Task"
2025-01-22T18:31:17.062Z - Error fetching task: Cast to ObjectId failed for value "history" (type string) at path "_id" for model "Task"
2025-01-22T18:31:56.554Z - Created a new task
2025-01-22T18:36:48.820Z - Error fetching task: Cast to ObjectId failed for value "history" (type string) at path "_id" for model "Task"
2025-01-22T18:36:57.236Z - Error fetching task: Cast to ObjectId failed for value "search" (type string) at path "_id" for model "Task"
2025-01-22T18:37:14.296Z - Error fetching task: Cast to ObjectId failed for value "count" (type string) at path "_id" for model "Task"
